<?xml version="1.0" encoding="UTF-8"?>
<!-- Generated by org.testng.reporters.JUnitReportReporter -->
<testsuite skipped="0" hostname="DELL" name="framework.DDT" tests="3" failures="0" timestamp="04 Mar 2018 09:55:27 GMT" time="5.839" errors="0">
  <testcase name="login" time="1.463" classname="framework.DDT"/>
  <testcase name="login" time="2.176" classname="framework.DDT"/>
  <testcase name="login" time="2.200" classname="framework.DDT"/>
</testsuite> <!-- framework.DDT -->
