<?xml version="1.0" encoding="UTF-8"?>
<!-- Generated by org.testng.reporters.JUnitReportReporter -->
<testsuite skipped="0" hostname="DELL" name="testng.ParamTest" tests="3" failures="0" timestamp="04 Mar 2018 07:55:56 GMT" time="7.163" errors="0">
  <testcase name="loginData" time="1.801" classname="testng.ParamTest"/>
  <testcase name="loginData" time="1.963" classname="testng.ParamTest"/>
  <testcase name="loginData" time="3.399" classname="testng.ParamTest"/>
</testsuite> <!-- testng.ParamTest -->
