<?xml version="1.0" encoding="UTF-8"?>
<!-- Generated by org.testng.reporters.JUnitReportReporter -->
<testsuite skipped="0" hostname="DELL" name="testng.GmailTest" tests="1" failures="0" timestamp="27 Feb 2018 11:49:16 GMT" time="2.191" errors="0">
  <testcase name="gmail" time="2.191" classname="testng.GmailTest"/>
</testsuite> <!-- testng.GmailTest -->
