<?xml version="1.0" encoding="UTF-8"?>
<!-- Generated by org.testng.reporters.JUnitReportReporter -->
<testsuite skipped="0" hostname="DELL" name="framework.EchoTest" tests="1" failures="0" timestamp="04 Mar 2018 09:51:18 GMT" time="17.924" errors="0">
  <testcase name="EchoLogin" time="17.924" classname="framework.EchoTest"/>
</testsuite> <!-- framework.EchoTest -->
