<?xml version="1.0" encoding="UTF-8"?>
<!-- Generated by org.testng.reporters.JUnitReportReporter -->
<testsuite skipped="0" hostname="DELL" name="testng.GoogleTest" tests="1" failures="0" timestamp="27 Feb 2018 11:49:16 GMT" time="20.062" errors="0">
  <testcase name="search" time="20.062" classname="testng.GoogleTest"/>
</testsuite> <!-- testng.GoogleTest -->
