<?xml version="1.0" encoding="UTF-8"?>
<!-- Generated by org.testng.reporters.JUnitReportReporter -->
<testsuite skipped="0" hostname="DELL" name="framework.NewTest" tests="1" failures="0" timestamp="02 Mar 2018 11:27:46 GMT" time="2.212" errors="0">
  <testcase name="login" time="2.212" classname="framework.NewTest"/>
</testsuite> <!-- framework.NewTest -->
