<?xml version="1.0" encoding="UTF-8"?>
<!-- Generated by org.testng.reporters.JUnitReportReporter -->
<testsuite skipped="0" hostname="DELL" name="excel.ExcelTest" tests="2" failures="0" timestamp="28 Feb 2018 11:48:22 GMT" time="0.611" errors="0">
  <testcase name="writeExcel" time="0.563" classname="excel.ExcelTest"/>
  <testcase name="readExcel" time="0.048" classname="excel.ExcelTest"/>
</testsuite> <!-- excel.ExcelTest -->
