<?xml version="1.0" encoding="UTF-8"?>
<!-- Generated by org.testng.reporters.JUnitReportReporter -->
<testsuite skipped="0" hostname="DELL" name="testng.LinkTest" tests="2" failures="0" timestamp="27 Feb 2018 12:08:08 GMT" time="5.323" errors="0">
  <testcase name="gmail" time="3.890" classname="testng.LinkTest"/>
  <testcase name="image" time="1.433" classname="testng.LinkTest"/>
</testsuite> <!-- testng.LinkTest -->
